<?xml version="1.0" encoding="UTF-8"?>
<!-- Generated by org.testng.reporters.JUnitReportReporter -->
<testsuite hostname="Chis-MacBook-Air.local" failures="0" tests="1" name="booking.Booking" time="3.940" errors="0" timestamp="2023-03-24T11:18:40 ICT" skipped="0">
  <testcase classname="booking.Booking" name="bookingTest" time="3.940"/>
  <system-out/>
</testsuite> <!-- booking.Booking -->
