<?xml version="1.0" encoding="UTF-8"?>
<!-- Generated by org.testng.reporters.JUnitReportReporter -->
<testsuite hostname="Chis-MacBook-Air.local" failures="0" tests="1" name="booking.Booking" time="4.439" errors="0" timestamp="2023-03-24T10:54:34 ICT" skipped="0">
  <testcase classname="booking.Booking" name="bookingTest" time="4.439"/>
  <system-out/>
</testsuite> <!-- booking.Booking -->
